c:\users\ayush\documents\projects\fairy engine\fairy engine\x64\release\vc142.pdb
c:\users\ayush\documents\projects\fairy engine\fairy engine\x64\release\window.obj
c:\users\ayush\documents\projects\fairy engine\fairy engine\x64\release\stb_image.obj
c:\users\ayush\documents\projects\fairy engine\fairy engine\x64\release\imgui_widgets.obj
c:\users\ayush\documents\projects\fairy engine\fairy engine\x64\release\imgui_impl_opengl3.obj
c:\users\ayush\documents\projects\fairy engine\fairy engine\x64\release\imgui_impl_glfw.obj
c:\users\ayush\documents\projects\fairy engine\fairy engine\x64\release\imgui_draw.obj
c:\users\ayush\documents\projects\fairy engine\fairy engine\x64\release\imgui_demo.obj
c:\users\ayush\documents\projects\fairy engine\fairy engine\x64\release\imgui.obj
c:\users\ayush\documents\projects\fairy engine\fairy engine\x64\release\texture.obj
c:\users\ayush\documents\projects\fairy engine\fairy engine\x64\release\vertexbuffer.obj
c:\users\ayush\documents\projects\fairy engine\fairy engine\x64\release\entrypoint.obj
c:\users\ayush\documents\projects\fairy engine\fairy engine\x64\release\app.obj
c:\users\ayush\documents\projects\fairy engine\fairy engine\x64\release\indexbuffer.obj
c:\users\ayush\documents\projects\fairy engine\fairy engine\x64\release\shader.obj
c:\users\ayush\documents\projects\fairy engine\fairy engine\x64\release\camera.obj
c:\users\ayush\documents\projects\fairy engine\fairy engine\x64\release\lights.obj
c:\users\ayush\documents\projects\fairy engine\fairy engine\x64\release\model.obj
c:\users\ayush\documents\projects\fairy engine\fairy engine\x64\release\skybox.obj
c:\users\ayush\documents\projects\fairy engine\x64\release\fairy engine.ipdb
c:\users\ayush\documents\projects\fairy engine\x64\release\fairy engine.iobj
c:\users\ayush\documents\projects\fairy engine\x64\release\fairy engine.exe
c:\users\ayush\documents\projects\fairy engine\x64\release\fairy engine.pdb
c:\users\ayush\documents\projects\fairy engine\fairy engine\x64\release\fairy engine.tlog\cl.command.1.tlog
c:\users\ayush\documents\projects\fairy engine\fairy engine\x64\release\fairy engine.tlog\cl.read.1.tlog
c:\users\ayush\documents\projects\fairy engine\fairy engine\x64\release\fairy engine.tlog\cl.write.1.tlog
c:\users\ayush\documents\projects\fairy engine\fairy engine\x64\release\fairy engine.tlog\fairy engine.write.1u.tlog
c:\users\ayush\documents\projects\fairy engine\fairy engine\x64\release\fairy engine.tlog\link.command.1.tlog
c:\users\ayush\documents\projects\fairy engine\fairy engine\x64\release\fairy engine.tlog\link.read.1.tlog
c:\users\ayush\documents\projects\fairy engine\fairy engine\x64\release\fairy engine.tlog\link.write.1.tlog
