c:\users\ayush\documents\projects\fairy engine\fairy engine\debug\vc142.pdb
c:\users\ayush\documents\projects\fairy engine\fairy engine\debug\vc142.idb
c:\users\ayush\documents\projects\fairy engine\fairy engine\debug\stb_image.obj
c:\users\ayush\documents\projects\fairy engine\fairy engine\debug\glm.obj
c:\users\ayush\documents\projects\fairy engine\fairy engine\debug\texture.obj
c:\users\ayush\documents\projects\fairy engine\fairy engine\debug\vertexbuffer.obj
c:\users\ayush\documents\projects\fairy engine\fairy engine\debug\entrypoint.obj
c:\users\ayush\documents\projects\fairy engine\fairy engine\debug\app.obj
c:\users\ayush\documents\projects\fairy engine\fairy engine\debug\indexbuffer.obj
c:\users\ayush\documents\projects\fairy engine\fairy engine\debug\drawable.obj
c:\users\ayush\documents\projects\fairy engine\fairy engine\debug\shader.obj
c:\users\ayush\documents\projects\fairy engine\fairy engine\debug\camera.obj
c:\users\ayush\documents\projects\fairy engine\fairy engine\debug\imgui_widgets.obj
c:\users\ayush\documents\projects\fairy engine\fairy engine\debug\imgui_draw.obj
c:\users\ayush\documents\projects\fairy engine\fairy engine\debug\imgui_demo.obj
c:\users\ayush\documents\projects\fairy engine\fairy engine\debug\imgui.obj
c:\users\ayush\documents\projects\fairy engine\fairy engine\debug\imgui_impl_opengl3.obj
c:\users\ayush\documents\projects\fairy engine\fairy engine\debug\imgui_impl_glfw.obj
c:\users\ayush\documents\projects\fairy engine\fairy engine\debug\window.obj
c:\users\ayush\documents\projects\fairy engine\debug\fairy engine.exe
c:\users\ayush\documents\projects\fairy engine\debug\fairy engine.ilk
c:\users\ayush\documents\projects\fairy engine\debug\fairy engine.pdb
c:\users\ayush\documents\projects\fairy engine\fairy engine\debug\fairy engine.tlog\cl.command.1.tlog
c:\users\ayush\documents\projects\fairy engine\fairy engine\debug\fairy engine.tlog\cl.read.1.tlog
c:\users\ayush\documents\projects\fairy engine\fairy engine\debug\fairy engine.tlog\cl.write.1.tlog
c:\users\ayush\documents\projects\fairy engine\fairy engine\debug\fairy engine.tlog\link.command.1.tlog
c:\users\ayush\documents\projects\fairy engine\fairy engine\debug\fairy engine.tlog\link.read.1.tlog
c:\users\ayush\documents\projects\fairy engine\fairy engine\debug\fairy engine.tlog\link.write.1.tlog
